<?xml version="1.0" encoding="UTF-8"?>
<!-- Generated by org.testng.reporters.JUnitReportReporter -->
<testsuite hostname="silentaki" name="com.qtpselenium.zoho.project.testcases.logintest" tests="1" failures="0" timestamp="4 Nov 2016 19:09:17 GMT" time="14.327" errors="0">
  <testcase name="doLoginTest" time="14.327" classname="com.qtpselenium.zoho.project.testcases.logintest"/>
</testsuite> <!-- com.qtpselenium.zoho.project.testcases.logintest -->
