<?xml version="1.0" encoding="UTF-8"?>
<!-- Generated by org.testng.reporters.JUnitReportReporter -->
<testsuite name="com.selenium.gmail.testcases.LoginTest" tests="1" time="10.910" ignored="0" failures="0" timestamp="23 Jan 2017 00:24:01 GMT" skipped="0" hostname="Vigneshs-MBP.fios-router.home" errors="0">
  <testcase name="doLoginTest" time="10.910" classname="com.selenium.gmail.testcases.LoginTest"/>
</testsuite> <!-- com.selenium.gmail.testcases.LoginTest -->
